[debug] [2023-01-21T22:46:20.306Z] ----------------------------------------------------------------------
[debug] [2023-01-21T22:46:20.309Z] Command:       E:\Installs\nodejs\node.exe E:\admin\AppData\Roaming\npm\node_modules\firebase-tools\lib\bin\firebase.js init
[debug] [2023-01-21T22:46:20.309Z] CLI Version:   11.21.0
[debug] [2023-01-21T22:46:20.310Z] Platform:      win32
[debug] [2023-01-21T22:46:20.310Z] Node Version:  v18.12.1
[debug] [2023-01-21T22:46:20.311Z] Time:          Sat Jan 21 2023 23:46:20 GMT+0100 (Central European Standard Time)
[debug] [2023-01-21T22:46:20.312Z] ----------------------------------------------------------------------
[debug] 
[debug] [2023-01-21T22:46:20.321Z] > command requires scopes: ["email","openid","https://www.googleapis.com/auth/cloudplatformprojects.readonly","https://www.googleapis.com/auth/firebase","https://www.googleapis.com/auth/cloud-platform"]
[debug] [2023-01-21T22:46:20.321Z] > authorizing via signed-in user (vqxxxx4444@gmail.com)
[info] 
     ######## #### ########  ######## ########     ###     ######  ########
     ##        ##  ##     ## ##       ##     ##  ##   ##  ##       ##
     ######    ##  ########  ######   ########  #########  ######  ######
     ##        ##  ##    ##  ##       ##     ## ##     ##       ## ##
     ##       #### ##     ## ######## ########  ##     ##  ######  ########

You're about to initialize a Firebase project in this directory:

  C:\Users\bartt\Restaurant

[info] 
=== Project Setup
[info] 
[info] First, let's associate this project directory with a Firebase project.
[info] You can create multiple project aliases by running firebase use --add, 
[info] but for now we'll just set up a default project.
[info] 
[info] i  If you want to create a project in a Google Cloud organization or folder, please use "firebase projects:create" instead, and return to this command when you've created the project. 
